{"@timestamp":"2025-04-09T20:11:22.4986662-03:00","@version":"1","message":"HV000001: Hibernate Validator 8.0.1.Final","logger_name":"org.hibernate.validator.internal.util.Version","thread_name":"background-preinit","level":"INFO","level_value":20000}
{"@timestamp":"2025-04-09T20:11:22.5452028-03:00","@version":"1","message":"Starting ProductApplication using Java 17.0.12 with PID 984 (C:\\Users\\vvpro\\OneDrive\\Documents\\desafio-entrevistas\\simples-dental\\desafio-backend\\target\\classes started by vvpro in C:\\Users\\vvpro\\OneDrive\\Documents\\desafio-entrevistas\\simples-dental\\desafio-backend)","logger_name":"com.simplesdental.ProductApplication","thread_name":"restartedMain","level":"INFO","level_value":20000}
{"@timestamp":"2025-04-09T20:11:22.5462029-03:00","@version":"1","message":"No active profile set, falling back to 1 default profile: \"default\"","logger_name":"com.simplesdental.ProductApplication","thread_name":"restartedMain","level":"INFO","level_value":20000}
{"@timestamp":"2025-04-09T20:11:22.602266-03:00","@version":"1","message":"Devtools property defaults active! Set 'spring.devtools.add-properties' to 'false' to disable","logger_name":"org.springframework.boot.devtools.env.DevToolsPropertyDefaultsPostProcessor","thread_name":"restartedMain","level":"INFO","level_value":20000}
{"@timestamp":"2025-04-09T20:11:22.602266-03:00","@version":"1","message":"For additional web related logging consider setting the 'logging.level.web' property to 'DEBUG'","logger_name":"org.springframework.boot.devtools.env.DevToolsPropertyDefaultsPostProcessor","thread_name":"restartedMain","level":"INFO","level_value":20000}
{"@timestamp":"2025-04-09T20:11:23.5591408-03:00","@version":"1","message":"Bootstrapping Spring Data JPA repositories in DEFAULT mode.","logger_name":"org.springframework.data.repository.config.RepositoryConfigurationDelegate","thread_name":"restartedMain","level":"INFO","level_value":20000}
{"@timestamp":"2025-04-09T20:11:23.6253778-03:00","@version":"1","message":"Finished Spring Data repository scanning in 57 ms. Found 4 JPA repository interfaces.","logger_name":"org.springframework.data.repository.config.RepositoryConfigurationDelegate","thread_name":"restartedMain","level":"INFO","level_value":20000}
{"@timestamp":"2025-04-09T20:11:24.2915466-03:00","@version":"1","message":"Tomcat initialized with port 8080 (http)","logger_name":"org.springframework.boot.web.embedded.tomcat.TomcatWebServer","thread_name":"restartedMain","level":"INFO","level_value":20000}
{"@timestamp":"2025-04-09T20:11:24.3005468-03:00","@version":"1","message":"Initializing ProtocolHandler [\"http-nio-8080\"]","logger_name":"org.apache.coyote.http11.Http11NioProtocol","thread_name":"restartedMain","level":"INFO","level_value":20000}
{"@timestamp":"2025-04-09T20:11:24.3035455-03:00","@version":"1","message":"Starting service [Tomcat]","logger_name":"org.apache.catalina.core.StandardService","thread_name":"restartedMain","level":"INFO","level_value":20000}
{"@timestamp":"2025-04-09T20:11:24.3035455-03:00","@version":"1","message":"Starting Servlet engine: [Apache Tomcat/10.1.20]","logger_name":"org.apache.catalina.core.StandardEngine","thread_name":"restartedMain","level":"INFO","level_value":20000}
{"@timestamp":"2025-04-09T20:11:24.3561175-03:00","@version":"1","message":"Initializing Spring embedded WebApplicationContext","logger_name":"org.apache.catalina.core.ContainerBase.[Tomcat].[localhost].[/]","thread_name":"restartedMain","level":"INFO","level_value":20000}
{"@timestamp":"2025-04-09T20:11:24.3561175-03:00","@version":"1","message":"Root WebApplicationContext: initialization completed in 1753 ms","logger_name":"org.springframework.boot.web.servlet.context.ServletWebServerApplicationContext","thread_name":"restartedMain","level":"INFO","level_value":20000}
{"@timestamp":"2025-04-09T20:11:24.4433306-03:00","@version":"1","message":"HikariPool-1 - Starting...","logger_name":"com.zaxxer.hikari.HikariDataSource","thread_name":"restartedMain","level":"INFO","level_value":20000}
{"@timestamp":"2025-04-09T20:11:24.7285713-03:00","@version":"1","message":"HikariPool-1 - Added connection org.postgresql.jdbc.PgConnection@22f910b7","logger_name":"com.zaxxer.hikari.pool.HikariPool","thread_name":"restartedMain","level":"INFO","level_value":20000}
{"@timestamp":"2025-04-09T20:11:24.7295719-03:00","@version":"1","message":"HikariPool-1 - Start completed.","logger_name":"com.zaxxer.hikari.HikariDataSource","thread_name":"restartedMain","level":"INFO","level_value":20000}
{"@timestamp":"2025-04-09T20:11:24.7946172-03:00","@version":"1","message":"Flyway Community Edition 9.22.3 by Redgate","logger_name":"org.flywaydb.core.internal.license.VersionPrinter","thread_name":"restartedMain","level":"INFO","level_value":20000}
{"@timestamp":"2025-04-09T20:11:24.7946172-03:00","@version":"1","message":"See release notes here: https://rd.gt/416ObMi","logger_name":"org.flywaydb.core.internal.license.VersionPrinter","thread_name":"restartedMain","level":"INFO","level_value":20000}
{"@timestamp":"2025-04-09T20:11:24.7946172-03:00","@version":"1","message":"","logger_name":"org.flywaydb.core.internal.license.VersionPrinter","thread_name":"restartedMain","level":"INFO","level_value":20000}
{"@timestamp":"2025-04-09T20:11:24.8046162-03:00","@version":"1","message":"Database: jdbc:postgresql://localhost:5432/produto (PostgreSQL 17.0)","logger_name":"org.flywaydb.core.FlywayExecutor","thread_name":"restartedMain","level":"INFO","level_value":20000}
{"@timestamp":"2025-04-09T20:11:24.8091232-03:00","@version":"1","message":"Flyway upgrade recommended: PostgreSQL 17.0 is newer than this version of Flyway and support has not been tested. The latest supported version of PostgreSQL is 15.","logger_name":"org.flywaydb.core.internal.database.base.Database","thread_name":"restartedMain","level":"WARN","level_value":30000}
{"@timestamp":"2025-04-09T20:11:24.8848772-03:00","@version":"1","message":"Current version of schema \"public\": 1","logger_name":"org.flywaydb.core.internal.command.DbMigrate","thread_name":"restartedMain","level":"INFO","level_value":20000}
{"@timestamp":"2025-04-09T20:11:24.8873896-03:00","@version":"1","message":"Schema \"public\" is up to date. No migration necessary.","logger_name":"org.flywaydb.core.internal.command.DbMigrate","thread_name":"restartedMain","level":"INFO","level_value":20000}
{"@timestamp":"2025-04-09T20:11:24.9524349-03:00","@version":"1","message":"HHH000204: Processing PersistenceUnitInfo [name: default]","logger_name":"org.hibernate.jpa.internal.util.LogHelper","thread_name":"restartedMain","level":"INFO","level_value":20000}
{"@timestamp":"2025-04-09T20:11:24.9994895-03:00","@version":"1","message":"HHH000412: Hibernate ORM core version 6.4.4.Final","logger_name":"org.hibernate.Version","thread_name":"restartedMain","level":"INFO","level_value":20000}
{"@timestamp":"2025-04-09T20:11:25.0339285-03:00","@version":"1","message":"HHH000026: Second-level cache disabled","logger_name":"org.hibernate.cache.internal.RegionFactoryInitiator","thread_name":"restartedMain","level":"INFO","level_value":20000}
{"@timestamp":"2025-04-09T20:11:25.2770339-03:00","@version":"1","message":"No LoadTimeWeaver setup: ignoring JPA class transformer","logger_name":"org.springframework.orm.jpa.persistenceunit.SpringPersistenceUnitInfo","thread_name":"restartedMain","level":"INFO","level_value":20000}
{"@timestamp":"2025-04-09T20:11:25.3265874-03:00","@version":"1","message":"HHH90000025: PostgreSQLDialect does not need to be specified explicitly using 'hibernate.dialect' (remove the property setting and it will be selected by default)","logger_name":"org.hibernate.orm.deprecation","thread_name":"restartedMain","level":"WARN","level_value":30000}
{"@timestamp":"2025-04-09T20:11:26.4265148-03:00","@version":"1","message":"HHH000489: No JTA platform available (set 'hibernate.transaction.jta.platform' to enable JTA platform integration)","logger_name":"org.hibernate.engine.transaction.jta.platform.internal.JtaPlatformInitiator","thread_name":"restartedMain","level":"INFO","level_value":20000}
{"@timestamp":"2025-04-09T20:11:26.432324-03:00","@version":"1","message":"Initialized JPA EntityManagerFactory for persistence unit 'default'","logger_name":"org.springframework.orm.jpa.LocalContainerEntityManagerFactoryBean","thread_name":"restartedMain","level":"INFO","level_value":20000}
{"@timestamp":"2025-04-09T20:11:27.3628954-03:00","@version":"1","message":"spring.jpa.open-in-view is enabled by default. Therefore, database queries may be performed during view rendering. Explicitly configure spring.jpa.open-in-view to disable this warning","logger_name":"org.springframework.boot.autoconfigure.orm.jpa.JpaBaseConfiguration$JpaWebConfiguration","thread_name":"restartedMain","level":"WARN","level_value":30000}
{"@timestamp":"2025-04-09T20:11:28.2240687-03:00","@version":"1","message":"LiveReload server is running on port 35729","logger_name":"org.springframework.boot.devtools.autoconfigure.OptionalLiveReloadServer","thread_name":"restartedMain","level":"INFO","level_value":20000}
{"@timestamp":"2025-04-09T20:11:28.3240628-03:00","@version":"1","message":"Starting ProtocolHandler [\"http-nio-8080\"]","logger_name":"org.apache.coyote.http11.Http11NioProtocol","thread_name":"restartedMain","level":"INFO","level_value":20000}
{"@timestamp":"2025-04-09T20:11:28.3824184-03:00","@version":"1","message":"Tomcat started on port 8080 (http) with context path ''","logger_name":"org.springframework.boot.web.embedded.tomcat.TomcatWebServer","thread_name":"restartedMain","level":"INFO","level_value":20000}
{"@timestamp":"2025-04-09T20:11:28.3974185-03:00","@version":"1","message":"Started ProductApplication in 6.537 seconds (process running for 6.979)","logger_name":"com.simplesdental.ProductApplication","thread_name":"restartedMain","level":"INFO","level_value":20000}
{"@timestamp":"2025-04-09T20:11:43.3826505-03:00","@version":"1","message":"Closing JPA EntityManagerFactory for persistence unit 'default'","logger_name":"org.springframework.orm.jpa.LocalContainerEntityManagerFactoryBean","thread_name":"SpringApplicationShutdownHook","level":"INFO","level_value":20000}
{"@timestamp":"2025-04-09T20:11:43.3856458-03:00","@version":"1","message":"HikariPool-1 - Shutdown initiated...","logger_name":"com.zaxxer.hikari.HikariDataSource","thread_name":"SpringApplicationShutdownHook","level":"INFO","level_value":20000}
{"@timestamp":"2025-04-09T20:11:43.3891626-03:00","@version":"1","message":"HikariPool-1 - Shutdown completed.","logger_name":"com.zaxxer.hikari.HikariDataSource","thread_name":"SpringApplicationShutdownHook","level":"INFO","level_value":20000}
{"@timestamp":"2025-04-09T20:11:57.4252608-03:00","@version":"1","message":"HV000001: Hibernate Validator 8.0.1.Final","logger_name":"org.hibernate.validator.internal.util.Version","thread_name":"background-preinit","level":"INFO","level_value":20000}
{"@timestamp":"2025-04-09T20:11:57.4669289-03:00","@version":"1","message":"Starting ProductApplication using Java 17.0.12 with PID 24292 (C:\\Users\\vvpro\\OneDrive\\Documents\\desafio-entrevistas\\simples-dental\\desafio-backend\\target\\classes started by vvpro in C:\\Users\\vvpro\\OneDrive\\Documents\\desafio-entrevistas\\simples-dental\\desafio-backend)","logger_name":"com.simplesdental.ProductApplication","thread_name":"restartedMain","level":"INFO","level_value":20000}
{"@timestamp":"2025-04-09T20:11:57.4679341-03:00","@version":"1","message":"No active profile set, falling back to 1 default profile: \"default\"","logger_name":"com.simplesdental.ProductApplication","thread_name":"restartedMain","level":"INFO","level_value":20000}
{"@timestamp":"2025-04-09T20:11:57.5184737-03:00","@version":"1","message":"Devtools property defaults active! Set 'spring.devtools.add-properties' to 'false' to disable","logger_name":"org.springframework.boot.devtools.env.DevToolsPropertyDefaultsPostProcessor","thread_name":"restartedMain","level":"INFO","level_value":20000}
{"@timestamp":"2025-04-09T20:11:57.5184737-03:00","@version":"1","message":"For additional web related logging consider setting the 'logging.level.web' property to 'DEBUG'","logger_name":"org.springframework.boot.devtools.env.DevToolsPropertyDefaultsPostProcessor","thread_name":"restartedMain","level":"INFO","level_value":20000}
{"@timestamp":"2025-04-09T20:11:58.3345073-03:00","@version":"1","message":"Bootstrapping Spring Data JPA repositories in DEFAULT mode.","logger_name":"org.springframework.data.repository.config.RepositoryConfigurationDelegate","thread_name":"restartedMain","level":"INFO","level_value":20000}
{"@timestamp":"2025-04-09T20:11:58.4035238-03:00","@version":"1","message":"Finished Spring Data repository scanning in 62 ms. Found 4 JPA repository interfaces.","logger_name":"org.springframework.data.repository.config.RepositoryConfigurationDelegate","thread_name":"restartedMain","level":"INFO","level_value":20000}
{"@timestamp":"2025-04-09T20:11:59.1286136-03:00","@version":"1","message":"Tomcat initialized with port 8080 (http)","logger_name":"org.springframework.boot.web.embedded.tomcat.TomcatWebServer","thread_name":"restartedMain","level":"INFO","level_value":20000}
{"@timestamp":"2025-04-09T20:11:59.1466129-03:00","@version":"1","message":"Initializing ProtocolHandler [\"http-nio-8080\"]","logger_name":"org.apache.coyote.http11.Http11NioProtocol","thread_name":"restartedMain","level":"INFO","level_value":20000}
{"@timestamp":"2025-04-09T20:11:59.1496121-03:00","@version":"1","message":"Starting service [Tomcat]","logger_name":"org.apache.catalina.core.StandardService","thread_name":"restartedMain","level":"INFO","level_value":20000}
{"@timestamp":"2025-04-09T20:11:59.1504898-03:00","@version":"1","message":"Starting Servlet engine: [Apache Tomcat/10.1.20]","logger_name":"org.apache.catalina.core.StandardEngine","thread_name":"restartedMain","level":"INFO","level_value":20000}
{"@timestamp":"2025-04-09T20:11:59.2237504-03:00","@version":"1","message":"Initializing Spring embedded WebApplicationContext","logger_name":"org.apache.catalina.core.ContainerBase.[Tomcat].[localhost].[/]","thread_name":"restartedMain","level":"INFO","level_value":20000}
{"@timestamp":"2025-04-09T20:11:59.2237504-03:00","@version":"1","message":"Root WebApplicationContext: initialization completed in 1705 ms","logger_name":"org.springframework.boot.web.servlet.context.ServletWebServerApplicationContext","thread_name":"restartedMain","level":"INFO","level_value":20000}
{"@timestamp":"2025-04-09T20:11:59.3517611-03:00","@version":"1","message":"HikariPool-1 - Starting...","logger_name":"com.zaxxer.hikari.HikariDataSource","thread_name":"restartedMain","level":"INFO","level_value":20000}
{"@timestamp":"2025-04-09T20:11:59.5848007-03:00","@version":"1","message":"HikariPool-1 - Added connection org.postgresql.jdbc.PgConnection@771b2be7","logger_name":"com.zaxxer.hikari.pool.HikariPool","thread_name":"restartedMain","level":"INFO","level_value":20000}
{"@timestamp":"2025-04-09T20:11:59.5857998-03:00","@version":"1","message":"HikariPool-1 - Start completed.","logger_name":"com.zaxxer.hikari.HikariDataSource","thread_name":"restartedMain","level":"INFO","level_value":20000}
{"@timestamp":"2025-04-09T20:11:59.6763173-03:00","@version":"1","message":"Flyway Community Edition 9.22.3 by Redgate","logger_name":"org.flywaydb.core.internal.license.VersionPrinter","thread_name":"restartedMain","level":"INFO","level_value":20000}
{"@timestamp":"2025-04-09T20:11:59.6763173-03:00","@version":"1","message":"See release notes here: https://rd.gt/416ObMi","logger_name":"org.flywaydb.core.internal.license.VersionPrinter","thread_name":"restartedMain","level":"INFO","level_value":20000}
{"@timestamp":"2025-04-09T20:11:59.6763173-03:00","@version":"1","message":"","logger_name":"org.flywaydb.core.internal.license.VersionPrinter","thread_name":"restartedMain","level":"INFO","level_value":20000}
{"@timestamp":"2025-04-09T20:11:59.6953169-03:00","@version":"1","message":"Database: jdbc:postgresql://localhost:5432/produto (PostgreSQL 17.0)","logger_name":"org.flywaydb.core.FlywayExecutor","thread_name":"restartedMain","level":"INFO","level_value":20000}
{"@timestamp":"2025-04-09T20:11:59.7028328-03:00","@version":"1","message":"Flyway upgrade recommended: PostgreSQL 17.0 is newer than this version of Flyway and support has not been tested. The latest supported version of PostgreSQL is 15.","logger_name":"org.flywaydb.core.internal.database.base.Database","thread_name":"restartedMain","level":"WARN","level_value":30000}
{"@timestamp":"2025-04-09T20:11:59.7835333-03:00","@version":"1","message":"Current version of schema \"public\": 1","logger_name":"org.flywaydb.core.internal.command.DbMigrate","thread_name":"restartedMain","level":"INFO","level_value":20000}
{"@timestamp":"2025-04-09T20:11:59.7875335-03:00","@version":"1","message":"Schema \"public\" is up to date. No migration necessary.","logger_name":"org.flywaydb.core.internal.command.DbMigrate","thread_name":"restartedMain","level":"INFO","level_value":20000}
{"@timestamp":"2025-04-09T20:11:59.8931841-03:00","@version":"1","message":"HHH000204: Processing PersistenceUnitInfo [name: default]","logger_name":"org.hibernate.jpa.internal.util.LogHelper","thread_name":"restartedMain","level":"INFO","level_value":20000}
{"@timestamp":"2025-04-09T20:11:59.9665056-03:00","@version":"1","message":"HHH000412: Hibernate ORM core version 6.4.4.Final","logger_name":"org.hibernate.Version","thread_name":"restartedMain","level":"INFO","level_value":20000}
{"@timestamp":"2025-04-09T20:12:00.014631-03:00","@version":"1","message":"HHH000026: Second-level cache disabled","logger_name":"org.hibernate.cache.internal.RegionFactoryInitiator","thread_name":"restartedMain","level":"INFO","level_value":20000}
{"@timestamp":"2025-04-09T20:12:00.2835175-03:00","@version":"1","message":"No LoadTimeWeaver setup: ignoring JPA class transformer","logger_name":"org.springframework.orm.jpa.persistenceunit.SpringPersistenceUnitInfo","thread_name":"restartedMain","level":"INFO","level_value":20000}
{"@timestamp":"2025-04-09T20:12:00.3607598-03:00","@version":"1","message":"HHH90000025: PostgreSQLDialect does not need to be specified explicitly using 'hibernate.dialect' (remove the property setting and it will be selected by default)","logger_name":"org.hibernate.orm.deprecation","thread_name":"restartedMain","level":"WARN","level_value":30000}
{"@timestamp":"2025-04-09T20:12:01.7499735-03:00","@version":"1","message":"HHH000489: No JTA platform available (set 'hibernate.transaction.jta.platform' to enable JTA platform integration)","logger_name":"org.hibernate.engine.transaction.jta.platform.internal.JtaPlatformInitiator","thread_name":"restartedMain","level":"INFO","level_value":20000}
{"@timestamp":"2025-04-09T20:12:01.7535613-03:00","@version":"1","message":"Initialized JPA EntityManagerFactory for persistence unit 'default'","logger_name":"org.springframework.orm.jpa.LocalContainerEntityManagerFactoryBean","thread_name":"restartedMain","level":"INFO","level_value":20000}
{"@timestamp":"2025-04-09T20:12:02.4818464-03:00","@version":"1","message":"spring.jpa.open-in-view is enabled by default. Therefore, database queries may be performed during view rendering. Explicitly configure spring.jpa.open-in-view to disable this warning","logger_name":"org.springframework.boot.autoconfigure.orm.jpa.JpaBaseConfiguration$JpaWebConfiguration","thread_name":"restartedMain","level":"WARN","level_value":30000}
{"@timestamp":"2025-04-09T20:12:03.068859-03:00","@version":"1","message":"LiveReload server is running on port 35729","logger_name":"org.springframework.boot.devtools.autoconfigure.OptionalLiveReloadServer","thread_name":"restartedMain","level":"INFO","level_value":20000}
{"@timestamp":"2025-04-09T20:12:03.1077961-03:00","@version":"1","message":"Starting ProtocolHandler [\"http-nio-8080\"]","logger_name":"org.apache.coyote.http11.Http11NioProtocol","thread_name":"restartedMain","level":"INFO","level_value":20000}
{"@timestamp":"2025-04-09T20:12:03.1323121-03:00","@version":"1","message":"Tomcat started on port 8080 (http) with context path ''","logger_name":"org.springframework.boot.web.embedded.tomcat.TomcatWebServer","thread_name":"restartedMain","level":"INFO","level_value":20000}
{"@timestamp":"2025-04-09T20:12:03.1429794-03:00","@version":"1","message":"Started ProductApplication in 6.22 seconds (process running for 6.75)","logger_name":"com.simplesdental.ProductApplication","thread_name":"restartedMain","level":"INFO","level_value":20000}
{"@timestamp":"2025-04-09T20:12:16.1963828-03:00","@version":"1","message":"Initializing Spring DispatcherServlet 'dispatcherServlet'","logger_name":"org.apache.catalina.core.ContainerBase.[Tomcat].[localhost].[/]","thread_name":"http-nio-8080-exec-1","level":"INFO","level_value":20000}
{"@timestamp":"2025-04-09T20:12:16.1963828-03:00","@version":"1","message":"Initializing Servlet 'dispatcherServlet'","logger_name":"org.springframework.web.servlet.DispatcherServlet","thread_name":"http-nio-8080-exec-1","level":"INFO","level_value":20000}
{"@timestamp":"2025-04-09T20:12:16.197662-03:00","@version":"1","message":"Completed initialization in 1 ms","logger_name":"org.springframework.web.servlet.DispatcherServlet","thread_name":"http-nio-8080-exec-1","level":"INFO","level_value":20000}
{"@timestamp":"2025-04-09T20:12:16.9595905-03:00","@version":"1","message":"Init duration for springdoc-openapi is: 541 ms","logger_name":"org.springdoc.api.AbstractOpenApiResource","thread_name":"http-nio-8080-exec-5","level":"INFO","level_value":20000}
{"@timestamp":"2025-04-09T20:14:56.2528511-03:00","@version":"1","message":"Restarting due to 1 class path change (0 additions, 0 deletions, 1 modification)","logger_name":"org.springframework.boot.devtools.autoconfigure.LocalDevToolsAutoConfiguration$RestartingClassPathChangeChangedEventListener","thread_name":"File Watcher","level":"INFO","level_value":20000}
{"@timestamp":"2025-04-09T20:14:56.2568517-03:00","@version":"1","message":"Stopping ProtocolHandler [\"http-nio-8080\"]","logger_name":"org.apache.coyote.http11.Http11NioProtocol","thread_name":"Thread-6","level":"INFO","level_value":20000}
{"@timestamp":"2025-04-09T20:14:56.2880601-03:00","@version":"1","message":"Closing JPA EntityManagerFactory for persistence unit 'default'","logger_name":"org.springframework.orm.jpa.LocalContainerEntityManagerFactoryBean","thread_name":"Thread-6","level":"INFO","level_value":20000}
{"@timestamp":"2025-04-09T20:14:56.2945742-03:00","@version":"1","message":"HikariPool-1 - Shutdown initiated...","logger_name":"com.zaxxer.hikari.HikariDataSource","thread_name":"Thread-6","level":"INFO","level_value":20000}
{"@timestamp":"2025-04-09T20:14:56.2970332-03:00","@version":"1","message":"HikariPool-1 - Shutdown completed.","logger_name":"com.zaxxer.hikari.HikariDataSource","thread_name":"Thread-6","level":"INFO","level_value":20000}
{"@timestamp":"2025-04-09T20:14:56.4546521-03:00","@version":"1","message":"Starting ProductApplication using Java 17.0.12 with PID 24292 (C:\\Users\\vvpro\\OneDrive\\Documents\\desafio-entrevistas\\simples-dental\\desafio-backend\\target\\classes started by vvpro in C:\\Users\\vvpro\\OneDrive\\Documents\\desafio-entrevistas\\simples-dental\\desafio-backend)","logger_name":"com.simplesdental.ProductApplication","thread_name":"restartedMain","level":"INFO","level_value":20000}
{"@timestamp":"2025-04-09T20:14:56.4546521-03:00","@version":"1","message":"Running with Spring Boot v3.2.5, Spring v6.1.6","logger_name":"com.simplesdental.ProductApplication","thread_name":"restartedMain","level":"DEBUG","level_value":10000}
{"@timestamp":"2025-04-09T20:14:56.4556507-03:00","@version":"1","message":"No active profile set, falling back to 1 default profile: \"default\"","logger_name":"com.simplesdental.ProductApplication","thread_name":"restartedMain","level":"INFO","level_value":20000}
{"@timestamp":"2025-04-09T20:14:57.4579181-03:00","@version":"1","message":"Started ProductApplication in 1.039 seconds (process running for 181.064)","logger_name":"com.simplesdental.ProductApplication","thread_name":"restartedMain","level":"INFO","level_value":20000}
{"@timestamp":"2025-04-09T20:15:04.3614766-03:00","@version":"1","message":"Starting ProductApplication using Java 17.0.12 with PID 1696 (C:\\Users\\vvpro\\OneDrive\\Documents\\desafio-entrevistas\\simples-dental\\desafio-backend\\target\\classes started by vvpro in C:\\Users\\vvpro\\OneDrive\\Documents\\desafio-entrevistas\\simples-dental\\desafio-backend)","logger_name":"com.simplesdental.ProductApplication","thread_name":"restartedMain","level":"INFO","level_value":20000}
{"@timestamp":"2025-04-09T20:15:04.3624772-03:00","@version":"1","message":"Running with Spring Boot v3.2.5, Spring v6.1.6","logger_name":"com.simplesdental.ProductApplication","thread_name":"restartedMain","level":"DEBUG","level_value":10000}
{"@timestamp":"2025-04-09T20:15:04.3634752-03:00","@version":"1","message":"No active profile set, falling back to 1 default profile: \"default\"","logger_name":"com.simplesdental.ProductApplication","thread_name":"restartedMain","level":"INFO","level_value":20000}
{"@timestamp":"2025-04-09T20:15:11.1205041-03:00","@version":"1","message":"Started ProductApplication in 7.355 seconds (process running for 7.932)","logger_name":"com.simplesdental.ProductApplication","thread_name":"restartedMain","level":"INFO","level_value":20000}
