{
  "@timestamp" : "2025-04-11T08:27:36.8297965-03:00",
  "@version" : "1",
  "message" : "Starting ProductApplication using Java 17.0.12 with PID 14872 (C:\\Users\\vvpro\\OneDrive\\Documents\\desafio-entrevistas\\simples-dental\\desafio-backend\\target\\classes started by vvpro in C:\\Users\\vvpro\\OneDrive\\Documents\\desafio-entrevistas\\simples-dental\\desafio-backend)",
  "logger_name" : "com.simplesdental.ProductApplication",
  "thread_name" : "restartedMain",
  "level" : "INFO",
  "level_value" : 20000,
  "caller_class_name" : "org.springframework.boot.StartupInfoLogger",
  "caller_method_name" : "logStarting",
  "caller_file_name" : "StartupInfoLogger.java",
  "caller_line_number" : 50
}
{
  "@timestamp" : "2025-04-11T08:27:36.8455087-03:00",
  "@version" : "1",
  "message" : "No active profile set, falling back to 1 default profile: \"default\"",
  "logger_name" : "com.simplesdental.ProductApplication",
  "thread_name" : "restartedMain",
  "level" : "INFO",
  "level_value" : 20000,
  "caller_class_name" : "org.springframework.boot.SpringApplication",
  "caller_method_name" : "logStartupProfileInfo",
  "caller_file_name" : "SpringApplication.java",
  "caller_line_number" : 654
}
{
  "@timestamp" : "2025-04-11T08:27:44.5473894-03:00",
  "@version" : "1",
  "message" : "Started ProductApplication in 8.337 seconds (process running for 9.065)",
  "logger_name" : "com.simplesdental.ProductApplication",
  "thread_name" : "restartedMain",
  "level" : "INFO",
  "level_value" : 20000,
  "caller_class_name" : "org.springframework.boot.StartupInfoLogger",
  "caller_method_name" : "logStarted",
  "caller_file_name" : "StartupInfoLogger.java",
  "caller_line_number" : 56
}
{
  "@timestamp" : "2025-04-11T08:28:26.2924193-03:00",
  "@version" : "1",
  "message" : "Starting ProductApplication using Java 17.0.12 with PID 14872 (C:\\Users\\vvpro\\OneDrive\\Documents\\desafio-entrevistas\\simples-dental\\desafio-backend\\target\\classes started by vvpro in C:\\Users\\vvpro\\OneDrive\\Documents\\desafio-entrevistas\\simples-dental\\desafio-backend)",
  "logger_name" : "com.simplesdental.ProductApplication",
  "thread_name" : "restartedMain",
  "level" : "INFO",
  "level_value" : 20000,
  "caller_class_name" : "org.springframework.boot.StartupInfoLogger",
  "caller_method_name" : "logStarting",
  "caller_file_name" : "StartupInfoLogger.java",
  "caller_line_number" : 50
}
{
  "@timestamp" : "2025-04-11T08:28:26.2934171-03:00",
  "@version" : "1",
  "message" : "No active profile set, falling back to 1 default profile: \"default\"",
  "logger_name" : "com.simplesdental.ProductApplication",
  "thread_name" : "restartedMain",
  "level" : "INFO",
  "level_value" : 20000,
  "caller_class_name" : "org.springframework.boot.SpringApplication",
  "caller_method_name" : "logStartupProfileInfo",
  "caller_file_name" : "SpringApplication.java",
  "caller_line_number" : 654
}
{
  "@timestamp" : "2025-04-11T08:28:27.3737262-03:00",
  "@version" : "1",
  "message" : "Started ProductApplication in 1.117 seconds (process running for 51.891)",
  "logger_name" : "com.simplesdental.ProductApplication",
  "thread_name" : "restartedMain",
  "level" : "INFO",
  "level_value" : 20000,
  "caller_class_name" : "org.springframework.boot.StartupInfoLogger",
  "caller_method_name" : "logStarted",
  "caller_file_name" : "StartupInfoLogger.java",
  "caller_line_number" : 56
}
{
  "@timestamp" : "2025-04-11T08:31:29.9426523-03:00",
  "@version" : "1",
  "message" : "Starting ProductApplication using Java 17.0.12 with PID 14872 (C:\\Users\\vvpro\\OneDrive\\Documents\\desafio-entrevistas\\simples-dental\\desafio-backend\\target\\classes started by vvpro in C:\\Users\\vvpro\\OneDrive\\Documents\\desafio-entrevistas\\simples-dental\\desafio-backend)",
  "logger_name" : "com.simplesdental.ProductApplication",
  "thread_name" : "restartedMain",
  "level" : "INFO",
  "level_value" : 20000,
  "caller_class_name" : "org.springframework.boot.StartupInfoLogger",
  "caller_method_name" : "logStarting",
  "caller_file_name" : "StartupInfoLogger.java",
  "caller_line_number" : 50
}
{
  "@timestamp" : "2025-04-11T08:31:29.9436536-03:00",
  "@version" : "1",
  "message" : "No active profile set, falling back to 1 default profile: \"default\"",
  "logger_name" : "com.simplesdental.ProductApplication",
  "thread_name" : "restartedMain",
  "level" : "INFO",
  "level_value" : 20000,
  "caller_class_name" : "org.springframework.boot.SpringApplication",
  "caller_method_name" : "logStartupProfileInfo",
  "caller_file_name" : "SpringApplication.java",
  "caller_line_number" : 654
}
{
  "@timestamp" : "2025-04-11T08:31:30.9237127-03:00",
  "@version" : "1",
  "message" : "Started ProductApplication in 1.025 seconds (process running for 235.441)",
  "logger_name" : "com.simplesdental.ProductApplication",
  "thread_name" : "restartedMain",
  "level" : "INFO",
  "level_value" : 20000,
  "caller_class_name" : "org.springframework.boot.StartupInfoLogger",
  "caller_method_name" : "logStarted",
  "caller_file_name" : "StartupInfoLogger.java",
  "caller_line_number" : 56
}
{
  "@timestamp" : "2025-04-11T08:32:51.7013096-03:00",
  "@version" : "1",
  "message" : "Starting ProductApplication using Java 17.0.12 with PID 14872 (C:\\Users\\vvpro\\OneDrive\\Documents\\desafio-entrevistas\\simples-dental\\desafio-backend\\target\\classes started by vvpro in C:\\Users\\vvpro\\OneDrive\\Documents\\desafio-entrevistas\\simples-dental\\desafio-backend)",
  "logger_name" : "com.simplesdental.ProductApplication",
  "thread_name" : "restartedMain",
  "level" : "INFO",
  "level_value" : 20000,
  "caller_class_name" : "org.springframework.boot.StartupInfoLogger",
  "caller_method_name" : "logStarting",
  "caller_file_name" : "StartupInfoLogger.java",
  "caller_line_number" : 50
}
{
  "@timestamp" : "2025-04-11T08:32:51.7023078-03:00",
  "@version" : "1",
  "message" : "No active profile set, falling back to 1 default profile: \"default\"",
  "logger_name" : "com.simplesdental.ProductApplication",
  "thread_name" : "restartedMain",
  "level" : "INFO",
  "level_value" : 20000,
  "caller_class_name" : "org.springframework.boot.SpringApplication",
  "caller_method_name" : "logStartupProfileInfo",
  "caller_file_name" : "SpringApplication.java",
  "caller_line_number" : 654
}
{
  "@timestamp" : "2025-04-11T08:32:52.6322326-03:00",
  "@version" : "1",
  "message" : "Started ProductApplication in 0.959 seconds (process running for 317.15)",
  "logger_name" : "com.simplesdental.ProductApplication",
  "thread_name" : "restartedMain",
  "level" : "INFO",
  "level_value" : 20000,
  "caller_class_name" : "org.springframework.boot.StartupInfoLogger",
  "caller_method_name" : "logStarted",
  "caller_file_name" : "StartupInfoLogger.java",
  "caller_line_number" : 56
}
{
  "@timestamp" : "2025-04-11T08:33:15.9699811-03:00",
  "@version" : "1",
  "message" : "Executando a consulta para o usuário vini@vini.com",
  "logger_name" : "com.simplesdental.application.user.usecases.UserContextUseCase",
  "thread_name" : "http-nio-8080-exec-3",
  "level" : "INFO",
  "level_value" : 20000,
  "caller_class_name" : "com.simplesdental.application.user.usecases.UserContextUseCase",
  "caller_method_name" : "execute",
  "caller_file_name" : "UserContextUseCase.java",
  "caller_line_number" : 24
}
{
  "@timestamp" : "2025-04-11T08:33:22.0063408-03:00",
  "@version" : "1",
  "message" : "Starting ProductApplication using Java 17.0.12 with PID 14872 (C:\\Users\\vvpro\\OneDrive\\Documents\\desafio-entrevistas\\simples-dental\\desafio-backend\\target\\classes started by vvpro in C:\\Users\\vvpro\\OneDrive\\Documents\\desafio-entrevistas\\simples-dental\\desafio-backend)",
  "logger_name" : "com.simplesdental.ProductApplication",
  "thread_name" : "restartedMain",
  "level" : "INFO",
  "level_value" : 20000,
  "caller_class_name" : "org.springframework.boot.StartupInfoLogger",
  "caller_method_name" : "logStarting",
  "caller_file_name" : "StartupInfoLogger.java",
  "caller_line_number" : 50
}
{
  "@timestamp" : "2025-04-11T08:33:22.007344-03:00",
  "@version" : "1",
  "message" : "No active profile set, falling back to 1 default profile: \"default\"",
  "logger_name" : "com.simplesdental.ProductApplication",
  "thread_name" : "restartedMain",
  "level" : "INFO",
  "level_value" : 20000,
  "caller_class_name" : "org.springframework.boot.SpringApplication",
  "caller_method_name" : "logStartupProfileInfo",
  "caller_file_name" : "SpringApplication.java",
  "caller_line_number" : 654
}
{
  "@timestamp" : "2025-04-11T08:33:23.3406553-03:00",
  "@version" : "1",
  "message" : "Started ProductApplication in 1.366 seconds (process running for 347.858)",
  "logger_name" : "com.simplesdental.ProductApplication",
  "thread_name" : "restartedMain",
  "level" : "INFO",
  "level_value" : 20000,
  "caller_class_name" : "org.springframework.boot.StartupInfoLogger",
  "caller_method_name" : "logStarted",
  "caller_file_name" : "StartupInfoLogger.java",
  "caller_line_number" : 56
}
{
  "@timestamp" : "2025-04-11T08:34:00.0921051-03:00",
  "@version" : "1",
  "message" : "Starting ProductApplication using Java 17.0.12 with PID 14872 (C:\\Users\\vvpro\\OneDrive\\Documents\\desafio-entrevistas\\simples-dental\\desafio-backend\\target\\classes started by vvpro in C:\\Users\\vvpro\\OneDrive\\Documents\\desafio-entrevistas\\simples-dental\\desafio-backend)",
  "logger_name" : "com.simplesdental.ProductApplication",
  "thread_name" : "restartedMain",
  "level" : "INFO",
  "level_value" : 20000,
  "caller_class_name" : "org.springframework.boot.StartupInfoLogger",
  "caller_method_name" : "logStarting",
  "caller_file_name" : "StartupInfoLogger.java",
  "caller_line_number" : 50
}
{
  "@timestamp" : "2025-04-11T08:34:00.0951061-03:00",
  "@version" : "1",
  "message" : "No active profile set, falling back to 1 default profile: \"default\"",
  "logger_name" : "com.simplesdental.ProductApplication",
  "thread_name" : "restartedMain",
  "level" : "INFO",
  "level_value" : 20000,
  "caller_class_name" : "org.springframework.boot.SpringApplication",
  "caller_method_name" : "logStartupProfileInfo",
  "caller_file_name" : "SpringApplication.java",
  "caller_line_number" : 654
}
